[debug] [2020-04-12T18:20:20.663Z] ----------------------------------------------------------------------
[debug] [2020-04-12T18:20:20.667Z] Command:       C:\Program Files\nodejs\node.exe C:\Users\Veigas SantoDigital\AppData\Roaming\npm\node_modules\firebase-tools\lib\bin\firebase.js init
[debug] [2020-04-12T18:20:20.668Z] CLI Version:   8.0.2
[debug] [2020-04-12T18:20:20.668Z] Platform:      win32
[debug] [2020-04-12T18:20:20.668Z] Node Version:  v12.16.1
[debug] [2020-04-12T18:20:20.684Z] Time:          Sun Apr 12 2020 15:20:20 GMT-0300 (GMT-03:00)
[debug] [2020-04-12T18:20:20.684Z] ----------------------------------------------------------------------
[debug] [2020-04-12T18:20:20.685Z] 
[debug] [2020-04-12T18:20:20.834Z] > command requires scopes: ["email","openid","https://www.googleapis.com/auth/cloudplatformprojects.readonly","https://www.googleapis.com/auth/firebase","https://www.googleapis.com/auth/cloud-platform"]
[debug] [2020-04-12T18:20:20.836Z] > authorizing via signed-in user
[info] 
     ######## #### ########  ######## ########     ###     ######  ########
     ##        ##  ##     ## ##       ##     ##  ##   ##  ##       ##
     ######    ##  ########  ######   ########  #########  ######  ######
     ##        ##  ##    ##  ##       ##     ## ##     ##       ## ##
     ##       #### ##     ## ######## ########  ##     ##  ######  ########

You're about to initialize a Firebase project in this directory:

  C:\Users\Veigas SantoDigital\Documents\veiga\TwitchVeiguiz\front-veiguiz

Before we get started, keep in mind:

  * You are initializing in an existing Firebase project directory

